{
  "/Users/matt.huntsberry/Desktop/ghostkit/packages/components/.storybook/preview.ts": {
    "path": "/Users/matt.huntsberry/Desktop/ghostkit/packages/components/.storybook/preview.ts",
    "statementMap": {
      "0": {
        "start": {
          "line": 4,
          "column": 25
        },
        "end": {
          "line": 14,
          "column": null
        }
      }
    },
    "fnMap": {},
    "branchMap": {},
    "s": {
      "0": 10
    },
    "f": {},
    "b": {}
  },
  "/Users/matt.huntsberry/Desktop/ghostkit/packages/components/src/docs/components/TokenBlock.tsx": {
    "path": "/Users/matt.huntsberry/Desktop/ghostkit/packages/components/src/docs/components/TokenBlock.tsx",
    "statementMap": {
      "0": {
        "start": {
          "line": 1,
          "column": 25
        },
        "end": {
          "line": 1,
          "column": null
        }
      },
      "1": {
        "start": {
          "line": 17,
          "column": 17
        },
        "end": {
          "line": 17,
          "column": null
        }
      },
      "2": {
        "start": {
          "line": 21,
          "column": 2
        },
        "end": {
          "line": 17,
          "column": 17
        }
      },
      "3": {
        "start": {
          "line": 23,
          "column": 25
        },
        "end": {
          "line": 39,
          "column": null
        }
      },
      "4": {
        "start": {
          "line": 29,
          "column": 4
        },
        "end": {
          "line": 29,
          "column": 66
        }
      },
      "5": {
        "start": {
          "line": 31,
          "column": 4
        },
        "end": {
          "line": 31,
          "column": 60
        }
      },
      "6": {
        "start": {
          "line": 33,
          "column": 4
        },
        "end": {
          "line": 33,
          "column": 79
        }
      },
      "7": {
        "start": {
          "line": 35,
          "column": 4
        },
        "end": {
          "line": 35,
          "column": 79
        }
      },
      "8": {
        "start": {
          "line": 37,
          "column": 4
        },
        "end": {
          "line": 39,
          "column": 33
        }
      },
      "9": {
        "start": {
          "line": 40,
          "column": 2
        },
        "end": {
          "line": 23,
          "column": 25
        }
      },
      "10": {
        "start": {
          "line": 42,
          "column": 30
        },
        "end": {
          "line": 42,
          "column": null
        }
      },
      "11": {
        "start": {
          "line": 46,
          "column": 2
        },
        "end": {
          "line": 42,
          "column": 30
        }
      },
      "12": {
        "start": {
          "line": 48,
          "column": 24
        },
        "end": {
          "line": 48,
          "column": null
        }
      },
      "13": {
        "start": {
          "line": 51,
          "column": 2
        },
        "end": {
          "line": 48,
          "column": 24
        }
      },
      "14": {
        "start": {
          "line": 53,
          "column": 46
        },
        "end": {
          "line": 89,
          "column": 2
        }
      },
      "15": {
        "start": {
          "line": 59,
          "column": 2
        },
        "end": {
          "line": 87,
          "column": null
        }
      },
      "16": {
        "start": {
          "line": 89,
          "column": 2
        },
        "end": {
          "line": 53,
          "column": 46
        }
      },
      "17": {
        "start": {
          "line": 91,
          "column": 26
        },
        "end": {
          "line": 91,
          "column": null
        }
      }
    },
    "fnMap": {
      "0": {
        "name": "(anonymous_0)",
        "decl": {
          "start": {
            "line": 1,
            "column": 25
          },
          "end": {
            "line": 1,
            "column": null
          }
        },
        "loc": {
          "start": {
            "line": 1,
            "column": 25
          },
          "end": {
            "line": 1,
            "column": null
          }
        }
      },
      "1": {
        "name": "(anonymous_1)",
        "decl": {
          "start": {
            "line": 28,
            "column": 20
          },
          "end": {
            "line": 28,
            "column": null
          }
        },
        "loc": {
          "start": {
            "line": 29,
            "column": 4
          },
          "end": {
            "line": 29,
            "column": 66
          }
        }
      },
      "2": {
        "name": "(anonymous_2)",
        "decl": {
          "start": {
            "line": 30,
            "column": 14
          },
          "end": {
            "line": 30,
            "column": null
          }
        },
        "loc": {
          "start": {
            "line": 31,
            "column": 4
          },
          "end": {
            "line": 31,
            "column": 60
          }
        }
      },
      "3": {
        "name": "(anonymous_3)",
        "decl": {
          "start": {
            "line": 32,
            "column": 13
          },
          "end": {
            "line": 32,
            "column": null
          }
        },
        "loc": {
          "start": {
            "line": 33,
            "column": 4
          },
          "end": {
            "line": 33,
            "column": 79
          }
        }
      },
      "4": {
        "name": "(anonymous_4)",
        "decl": {
          "start": {
            "line": 34,
            "column": 12
          },
          "end": {
            "line": 34,
            "column": null
          }
        },
        "loc": {
          "start": {
            "line": 35,
            "column": 4
          },
          "end": {
            "line": 35,
            "column": 79
          }
        }
      },
      "5": {
        "name": "(anonymous_5)",
        "decl": {
          "start": {
            "line": 36,
            "column": 17
          },
          "end": {
            "line": 36,
            "column": null
          }
        },
        "loc": {
          "start": {
            "line": 37,
            "column": 4
          },
          "end": {
            "line": 39,
            "column": 33
          }
        }
      },
      "6": {
        "name": "(anonymous_6)",
        "decl": {
          "start": {
            "line": 53,
            "column": 46
          },
          "end": {
            "line": 53,
            "column": 47
          }
        },
        "loc": {
          "start": {
            "line": 58,
            "column": 6
          },
          "end": {
            "line": 89,
            "column": 2
          }
        }
      }
    },
    "branchMap": {
      "0": {
        "loc": {
          "start": {
            "line": 1,
            "column": 25
          },
          "end": {
            "line": 1,
            "column": null
          }
        },
        "type": "binary-expr",
        "locations": [
          {
            "start": {
              "line": 1,
              "column": 25
            },
            "end": {
              "line": 1,
              "column": null
            }
          },
          {
            "start": {
              "line": 1,
              "column": 25
            },
            "end": {
              "line": 1,
              "column": null
            }
          }
        ]
      },
      "1": {
        "loc": {
          "start": {
            "line": 1,
            "column": 25
          },
          "end": {
            "line": 1,
            "column": null
          }
        },
        "type": "if",
        "locations": [
          {
            "start": {
              "line": 1,
              "column": 25
            },
            "end": {
              "line": 1,
              "column": null
            }
          }
        ]
      },
      "2": {
        "loc": {
          "start": {
            "line": 29,
            "column": 4
          },
          "end": {
            "line": 29,
            "column": 66
          }
        },
        "type": "cond-expr",
        "locations": [
          {
            "start": {
              "line": 29,
              "column": 28
            },
            "end": {
              "line": 29,
              "column": 48
            }
          },
          {
            "start": {
              "line": 29,
              "column": 48
            },
            "end": {
              "line": 29,
              "column": 66
            }
          }
        ]
      },
      "3": {
        "loc": {
          "start": {
            "line": 31,
            "column": 4
          },
          "end": {
            "line": 31,
            "column": 60
          }
        },
        "type": "cond-expr",
        "locations": [
          {
            "start": {
              "line": 31,
              "column": 28
            },
            "end": {
              "line": 31,
              "column": 45
            }
          },
          {
            "start": {
              "line": 31,
              "column": 45
            },
            "end": {
              "line": 31,
              "column": 60
            }
          }
        ]
      },
      "4": {
        "loc": {
          "start": {
            "line": 33,
            "column": 4
          },
          "end": {
            "line": 33,
            "column": 79
          }
        },
        "type": "cond-expr",
        "locations": [
          {
            "start": {
              "line": 33,
              "column": 29
            },
            "end": {
              "line": 33,
              "column": 58
            }
          },
          {
            "start": {
              "line": 33,
              "column": 58
            },
            "end": {
              "line": 33,
              "column": 79
            }
          }
        ]
      },
      "5": {
        "loc": {
          "start": {
            "line": 35,
            "column": 4
          },
          "end": {
            "line": 35,
            "column": 79
          }
        },
        "type": "cond-expr",
        "locations": [
          {
            "start": {
              "line": 35,
              "column": 29
            },
            "end": {
              "line": 35,
              "column": 58
            }
          },
          {
            "start": {
              "line": 35,
              "column": 58
            },
            "end": {
              "line": 35,
              "column": 79
            }
          }
        ]
      },
      "6": {
        "loc": {
          "start": {
            "line": 37,
            "column": 4
          },
          "end": {
            "line": 39,
            "column": 33
          }
        },
        "type": "cond-expr",
        "locations": [
          {
            "start": {
              "line": 38,
              "column": 9
            },
            "end": {
              "line": 38,
              "column": null
            }
          },
          {
            "start": {
              "line": 39,
              "column": 8
            },
            "end": {
              "line": 39,
              "column": 33
            }
          }
        ]
      },
      "7": {
        "loc": {
          "start": {
            "line": 54,
            "column": 2
          },
          "end": {
            "line": 54,
            "column": null
          }
        },
        "type": "default-arg",
        "locations": [
          {
            "start": {
              "line": 54,
              "column": 14
            },
            "end": {
              "line": 54,
              "column": null
            }
          }
        ]
      },
      "8": {
        "loc": {
          "start": {
            "line": 55,
            "column": 2
          },
          "end": {
            "line": 55,
            "column": null
          }
        },
        "type": "default-arg",
        "locations": [
          {
            "start": {
              "line": 55,
              "column": 9
            },
            "end": {
              "line": 55,
              "column": null
            }
          }
        ]
      },
      "9": {
        "loc": {
          "start": {
            "line": 56,
            "column": 2
          },
          "end": {
            "line": 56,
            "column": null
          }
        },
        "type": "default-arg",
        "locations": [
          {
            "start": {
              "line": 56,
              "column": 10
            },
            "end": {
              "line": 56,
              "column": null
            }
          }
        ]
      },
      "10": {
        "loc": {
          "start": {
            "line": 57,
            "column": 2
          },
          "end": {
            "line": 57,
            "column": null
          }
        },
        "type": "default-arg",
        "locations": [
          {
            "start": {
              "line": 57,
              "column": 9
            },
            "end": {
              "line": 57,
              "column": null
            }
          }
        ]
      },
      "11": {
        "loc": {
          "start": {
            "line": 64,
            "column": 21
          },
          "end": {
            "line": 64,
            "column": 60
          }
        },
        "type": "cond-expr",
        "locations": [
          {
            "start": {
              "line": 64,
              "column": 40
            },
            "end": {
              "line": 64,
              "column": 51
            }
          },
          {
            "start": {
              "line": 64,
              "column": 51
            },
            "end": {
              "line": 64,
              "column": 60
            }
          }
        ]
      },
      "12": {
        "loc": {
          "start": {
            "line": 68,
            "column": 9
          },
          "end": {
            "line": 74,
            "column": null
          }
        },
        "type": "binary-expr",
        "locations": [
          {
            "start": {
              "line": 68,
              "column": 9
            },
            "end": {
              "line": 68,
              "column": null
            }
          },
          {
            "start": {
              "line": 69,
              "column": 10
            },
            "end": {
              "line": 74,
              "column": null
            }
          }
        ]
      }
    },
    "s": {
      "0": 48,
      "1": 4,
      "2": 4,
      "3": 4,
      "4": 61,
      "5": 61,
      "6": 61,
      "7": 61,
      "8": 61,
      "9": 4,
      "10": 4,
      "11": 4,
      "12": 4,
      "13": 4,
      "14": 4,
      "15": 61,
      "16": 4,
      "17": 20
    },
    "f": {
      "0": 20,
      "1": 61,
      "2": 61,
      "3": 61,
      "4": 61,
      "5": 61,
      "6": 61
    },
    "b": {
      "0": [
        8,
        4
      ],
      "1": [
        4
      ],
      "2": [
        6,
        55
      ],
      "3": [
        6,
        55
      ],
      "4": [
        6,
        55
      ],
      "5": [
        6,
        55
      ],
      "6": [
        55,
        6
      ],
      "7": [
        0
      ],
      "8": [
        0
      ],
      "9": [
        55
      ],
      "10": [
        0
      ],
      "11": [
        55,
        6
      ],
      "12": [
        61,
        6
      ]
    }
  },
  "/Users/matt.huntsberry/Desktop/ghostkit/packages/components/src/docs/components/ColorBlock.tsx": {
    "path": "/Users/matt.huntsberry/Desktop/ghostkit/packages/components/src/docs/components/ColorBlock.tsx",
    "statementMap": {
      "0": {
        "start": {
          "line": 1,
          "column": 25
        },
        "end": {
          "line": 1,
          "column": null
        }
      },
      "1": {
        "start": {
          "line": 9,
          "column": 46
        },
        "end": {
          "line": 11,
          "column": 2
        }
      },
      "2": {
        "start": {
          "line": 10,
          "column": 2
        },
        "end": {
          "line": 10,
          "column": null
        }
      },
      "3": {
        "start": {
          "line": 11,
          "column": 2
        },
        "end": {
          "line": 9,
          "column": 46
        }
      },
      "4": {
        "start": {
          "line": 13,
          "column": 26
        },
        "end": {
          "line": 13,
          "column": null
        }
      }
    },
    "fnMap": {
      "0": {
        "name": "(anonymous_0)",
        "decl": {
          "start": {
            "line": 1,
            "column": 25
          },
          "end": {
            "line": 1,
            "column": null
          }
        },
        "loc": {
          "start": {
            "line": 1,
            "column": 25
          },
          "end": {
            "line": 1,
            "column": null
          }
        }
      },
      "1": {
        "name": "(anonymous_1)",
        "decl": {
          "start": {
            "line": 9,
            "column": 46
          },
          "end": {
            "line": 9,
            "column": 47
          }
        },
        "loc": {
          "start": {
            "line": 9,
            "column": 71
          },
          "end": {
            "line": 11,
            "column": 2
          }
        }
      }
    },
    "branchMap": {
      "0": {
        "loc": {
          "start": {
            "line": 1,
            "column": 25
          },
          "end": {
            "line": 1,
            "column": null
          }
        },
        "type": "binary-expr",
        "locations": [
          {
            "start": {
              "line": 1,
              "column": 25
            },
            "end": {
              "line": 1,
              "column": null
            }
          },
          {
            "start": {
              "line": 1,
              "column": 25
            },
            "end": {
              "line": 1,
              "column": null
            }
          }
        ]
      },
      "1": {
        "loc": {
          "start": {
            "line": 1,
            "column": 25
          },
          "end": {
            "line": 1,
            "column": null
          }
        },
        "type": "if",
        "locations": [
          {
            "start": {
              "line": 1,
              "column": 25
            },
            "end": {
              "line": 1,
              "column": null
            }
          }
        ]
      }
    },
    "s": {
      "0": 24,
      "1": 3,
      "2": 55,
      "3": 3,
      "4": 3
    },
    "f": {
      "0": 3,
      "1": 55
    },
    "b": {
      "0": [
        6,
        3
      ],
      "1": [
        3
      ]
    }
  },
  "/Users/matt.huntsberry/Desktop/ghostkit/packages/components/src/docs/components/ColorBlocks.tsx": {
    "path": "/Users/matt.huntsberry/Desktop/ghostkit/packages/components/src/docs/components/ColorBlocks.tsx",
    "statementMap": {
      "0": {
        "start": {
          "line": 1,
          "column": 25
        },
        "end": {
          "line": 1,
          "column": null
        }
      },
      "1": {
        "start": {
          "line": 8,
          "column": 48
        },
        "end": {
          "line": 57,
          "column": 2
        }
      },
      "2": {
        "start": {
          "line": 9,
          "column": 2
        },
        "end": {
          "line": 55,
          "column": null
        }
      },
      "3": {
        "start": {
          "line": 57,
          "column": 2
        },
        "end": {
          "line": 8,
          "column": 48
        }
      },
      "4": {
        "start": {
          "line": 59,
          "column": 27
        },
        "end": {
          "line": 59,
          "column": null
        }
      }
    },
    "fnMap": {
      "0": {
        "name": "(anonymous_0)",
        "decl": {
          "start": {
            "line": 1,
            "column": 25
          },
          "end": {
            "line": 1,
            "column": null
          }
        },
        "loc": {
          "start": {
            "line": 1,
            "column": 25
          },
          "end": {
            "line": 1,
            "column": null
          }
        }
      },
      "1": {
        "name": "(anonymous_1)",
        "decl": {
          "start": {
            "line": 8,
            "column": 48
          },
          "end": {
            "line": 8,
            "column": 49
          }
        },
        "loc": {
          "start": {
            "line": 8,
            "column": 63
          },
          "end": {
            "line": 57,
            "column": 2
          }
        }
      }
    },
    "branchMap": {
      "0": {
        "loc": {
          "start": {
            "line": 1,
            "column": 25
          },
          "end": {
            "line": 1,
            "column": null
          }
        },
        "type": "binary-expr",
        "locations": [
          {
            "start": {
              "line": 1,
              "column": 25
            },
            "end": {
              "line": 1,
              "column": null
            }
          },
          {
            "start": {
              "line": 1,
              "column": 25
            },
            "end": {
              "line": 1,
              "column": null
            }
          }
        ]
      },
      "1": {
        "loc": {
          "start": {
            "line": 1,
            "column": 25
          },
          "end": {
            "line": 1,
            "column": null
          }
        },
        "type": "if",
        "locations": [
          {
            "start": {
              "line": 1,
              "column": 25
            },
            "end": {
              "line": 1,
              "column": null
            }
          }
        ]
      }
    },
    "s": {
      "0": 24,
      "1": 3,
      "2": 5,
      "3": 3,
      "4": 3
    },
    "f": {
      "0": 3,
      "1": 5
    },
    "b": {
      "0": [
        6,
        3
      ],
      "1": [
        3
      ]
    }
  },
  "/Users/matt.huntsberry/Desktop/ghostkit/packages/components/src/docs/components/TokenTable.tsx": {
    "path": "/Users/matt.huntsberry/Desktop/ghostkit/packages/components/src/docs/components/TokenTable.tsx",
    "statementMap": {
      "0": {
        "start": {
          "line": 1,
          "column": 25
        },
        "end": {
          "line": 1,
          "column": null
        }
      },
      "1": {
        "start": {
          "line": 9,
          "column": 20
        },
        "end": {
          "line": 9,
          "column": null
        }
      },
      "2": {
        "start": {
          "line": 12,
          "column": 2
        },
        "end": {
          "line": 9,
          "column": 20
        }
      },
      "3": {
        "start": {
          "line": 14,
          "column": 26
        },
        "end": {
          "line": 14,
          "column": null
        }
      },
      "4": {
        "start": {
          "line": 17,
          "column": 2
        },
        "end": {
          "line": 14,
          "column": 26
        }
      },
      "5": {
        "start": {
          "line": 19,
          "column": 17
        },
        "end": {
          "line": 21,
          "column": null
        }
      },
      "6": {
        "start": {
          "line": 21,
          "column": 27
        },
        "end": {
          "line": 21,
          "column": 39
        }
      },
      "7": {
        "start": {
          "line": 23,
          "column": 2
        },
        "end": {
          "line": 19,
          "column": 17
        }
      },
      "8": {
        "start": {
          "line": 25,
          "column": 24
        },
        "end": {
          "line": 25,
          "column": null
        }
      },
      "9": {
        "start": {
          "line": 33,
          "column": 2
        },
        "end": {
          "line": 25,
          "column": 24
        }
      },
      "10": {
        "start": {
          "line": 35,
          "column": 46
        },
        "end": {
          "line": 48,
          "column": 2
        }
      },
      "11": {
        "start": {
          "line": 36,
          "column": 2
        },
        "end": {
          "line": 46,
          "column": null
        }
      },
      "12": {
        "start": {
          "line": 48,
          "column": 2
        },
        "end": {
          "line": 35,
          "column": 46
        }
      },
      "13": {
        "start": {
          "line": 50,
          "column": 26
        },
        "end": {
          "line": 50,
          "column": null
        }
      }
    },
    "fnMap": {
      "0": {
        "name": "(anonymous_0)",
        "decl": {
          "start": {
            "line": 1,
            "column": 25
          },
          "end": {
            "line": 1,
            "column": null
          }
        },
        "loc": {
          "start": {
            "line": 1,
            "column": 25
          },
          "end": {
            "line": 1,
            "column": null
          }
        }
      },
      "1": {
        "name": "(anonymous_1)",
        "decl": {
          "start": {
            "line": 21,
            "column": 17
          },
          "end": {
            "line": 21,
            "column": 27
          }
        },
        "loc": {
          "start": {
            "line": 21,
            "column": 27
          },
          "end": {
            "line": 21,
            "column": 39
          }
        }
      },
      "2": {
        "name": "(anonymous_2)",
        "decl": {
          "start": {
            "line": 35,
            "column": 46
          },
          "end": {
            "line": 35,
            "column": 47
          }
        },
        "loc": {
          "start": {
            "line": 35,
            "column": 64
          },
          "end": {
            "line": 48,
            "column": 2
          }
        }
      }
    },
    "branchMap": {
      "0": {
        "loc": {
          "start": {
            "line": 1,
            "column": 25
          },
          "end": {
            "line": 1,
            "column": null
          }
        },
        "type": "binary-expr",
        "locations": [
          {
            "start": {
              "line": 1,
              "column": 25
            },
            "end": {
              "line": 1,
              "column": null
            }
          },
          {
            "start": {
              "line": 1,
              "column": 25
            },
            "end": {
              "line": 1,
              "column": null
            }
          }
        ]
      },
      "1": {
        "loc": {
          "start": {
            "line": 1,
            "column": 25
          },
          "end": {
            "line": 1,
            "column": null
          }
        },
        "type": "if",
        "locations": [
          {
            "start": {
              "line": 1,
              "column": 25
            },
            "end": {
              "line": 1,
              "column": null
            }
          }
        ]
      }
    },
    "s": {
      "0": 48,
      "1": 4,
      "2": 4,
      "3": 4,
      "4": 4,
      "5": 4,
      "6": 18,
      "7": 4,
      "8": 4,
      "9": 4,
      "10": 4,
      "11": 6,
      "12": 4,
      "13": 20
    },
    "f": {
      "0": 20,
      "1": 18,
      "2": 6
    },
    "b": {
      "0": [
        8,
        4
      ],
      "1": [
        4
      ]
    }
  },
  "/Users/matt.huntsberry/Desktop/ghostkit/packages/components/src/lib/components/Button/Button.tsx": {
    "path": "/Users/matt.huntsberry/Desktop/ghostkit/packages/components/src/lib/components/Button/Button.tsx",
    "statementMap": {
      "0": {
        "start": {
          "line": 1,
          "column": 25
        },
        "end": {
          "line": 1,
          "column": null
        }
      },
      "1": {
        "start": {
          "line": 15,
          "column": 21
        },
        "end": {
          "line": 57,
          "column": null
        }
      },
      "2": {
        "start": {
          "line": 22,
          "column": 5
        },
        "end": {
          "line": 22,
          "column": 91
        }
      },
      "3": {
        "start": {
          "line": 24,
          "column": 5
        },
        "end": {
          "line": 24,
          "column": 81
        }
      },
      "4": {
        "start": {
          "line": 25,
          "column": 31
        },
        "end": {
          "line": 25,
          "column": 68
        }
      },
      "5": {
        "start": {
          "line": 27,
          "column": 5
        },
        "end": {
          "line": 27,
          "column": 85
        }
      },
      "6": {
        "start": {
          "line": 34,
          "column": 5
        },
        "end": {
          "line": 34,
          "column": 68
        }
      },
      "7": {
        "start": {
          "line": 40,
          "column": 7
        },
        "end": {
          "line": 40,
          "column": 91
        }
      },
      "8": {
        "start": {
          "line": 45,
          "column": 7
        },
        "end": {
          "line": 45,
          "column": 94
        }
      },
      "9": {
        "start": {
          "line": 47,
          "column": 7
        },
        "end": {
          "line": 47,
          "column": 88
        }
      },
      "10": {
        "start": {
          "line": 49,
          "column": 7
        },
        "end": {
          "line": 49,
          "column": 84
        }
      },
      "11": {
        "start": {
          "line": 55,
          "column": 7
        },
        "end": {
          "line": 55,
          "column": 88
        }
      },
      "12": {
        "start": {
          "line": 57,
          "column": 7
        },
        "end": {
          "line": 57,
          "column": 81
        }
      },
      "13": {
        "start": {
          "line": 59,
          "column": 2
        },
        "end": {
          "line": 15,
          "column": 21
        }
      },
      "14": {
        "start": {
          "line": 61,
          "column": 45
        },
        "end": {
          "line": 82,
          "column": 2
        }
      },
      "15": {
        "start": {
          "line": 70,
          "column": 2
        },
        "end": {
          "line": 80,
          "column": null
        }
      },
      "16": {
        "start": {
          "line": 82,
          "column": 2
        },
        "end": {
          "line": 61,
          "column": 42
        }
      },
      "17": {
        "start": {
          "line": 61,
          "column": 42
        },
        "end": {
          "line": 61,
          "column": 45
        }
      }
    },
    "fnMap": {
      "0": {
        "name": "(anonymous_0)",
        "decl": {
          "start": {
            "line": 1,
            "column": 25
          },
          "end": {
            "line": 1,
            "column": null
          }
        },
        "loc": {
          "start": {
            "line": 1,
            "column": 25
          },
          "end": {
            "line": 1,
            "column": null
          }
        }
      },
      "1": {
        "name": "(anonymous_1)",
        "decl": {
          "start": {
            "line": 21,
            "column": 17
          },
          "end": {
            "line": 21,
            "column": null
          }
        },
        "loc": {
          "start": {
            "line": 22,
            "column": 5
          },
          "end": {
            "line": 22,
            "column": 91
          }
        }
      },
      "2": {
        "name": "(anonymous_2)",
        "decl": {
          "start": {
            "line": 23,
            "column": 13
          },
          "end": {
            "line": 23,
            "column": null
          }
        },
        "loc": {
          "start": {
            "line": 24,
            "column": 5
          },
          "end": {
            "line": 24,
            "column": 81
          }
        }
      },
      "3": {
        "name": "(anonymous_3)",
        "decl": {
          "start": {
            "line": 25,
            "column": 20
          },
          "end": {
            "line": 25,
            "column": 31
          }
        },
        "loc": {
          "start": {
            "line": 25,
            "column": 31
          },
          "end": {
            "line": 25,
            "column": 68
          }
        }
      },
      "4": {
        "name": "(anonymous_4)",
        "decl": {
          "start": {
            "line": 26,
            "column": 12
          },
          "end": {
            "line": 26,
            "column": null
          }
        },
        "loc": {
          "start": {
            "line": 27,
            "column": 5
          },
          "end": {
            "line": 27,
            "column": 85
          }
        }
      },
      "5": {
        "name": "(anonymous_5)",
        "decl": {
          "start": {
            "line": 33,
            "column": 14
          },
          "end": {
            "line": 33,
            "column": null
          }
        },
        "loc": {
          "start": {
            "line": 34,
            "column": 5
          },
          "end": {
            "line": 34,
            "column": 68
          }
        }
      },
      "6": {
        "name": "(anonymous_6)",
        "decl": {
          "start": {
            "line": 39,
            "column": 19
          },
          "end": {
            "line": 39,
            "column": null
          }
        },
        "loc": {
          "start": {
            "line": 40,
            "column": 7
          },
          "end": {
            "line": 40,
            "column": 91
          }
        }
      },
      "7": {
        "name": "(anonymous_7)",
        "decl": {
          "start": {
            "line": 44,
            "column": 19
          },
          "end": {
            "line": 44,
            "column": null
          }
        },
        "loc": {
          "start": {
            "line": 45,
            "column": 7
          },
          "end": {
            "line": 45,
            "column": 94
          }
        }
      },
      "8": {
        "name": "(anonymous_8)",
        "decl": {
          "start": {
            "line": 46,
            "column": 14
          },
          "end": {
            "line": 46,
            "column": null
          }
        },
        "loc": {
          "start": {
            "line": 47,
            "column": 7
          },
          "end": {
            "line": 47,
            "column": 88
          }
        }
      },
      "9": {
        "name": "(anonymous_9)",
        "decl": {
          "start": {
            "line": 48,
            "column": 15
          },
          "end": {
            "line": 48,
            "column": null
          }
        },
        "loc": {
          "start": {
            "line": 49,
            "column": 7
          },
          "end": {
            "line": 49,
            "column": 84
          }
        }
      },
      "10": {
        "name": "(anonymous_10)",
        "decl": {
          "start": {
            "line": 54,
            "column": 19
          },
          "end": {
            "line": 54,
            "column": null
          }
        },
        "loc": {
          "start": {
            "line": 55,
            "column": 7
          },
          "end": {
            "line": 55,
            "column": 88
          }
        }
      },
      "11": {
        "name": "(anonymous_11)",
        "decl": {
          "start": {
            "line": 56,
            "column": 15
          },
          "end": {
            "line": 56,
            "column": null
          }
        },
        "loc": {
          "start": {
            "line": 57,
            "column": 7
          },
          "end": {
            "line": 57,
            "column": 81
          }
        }
      },
      "12": {
        "name": "(anonymous_12)",
        "decl": {
          "start": {
            "line": 61,
            "column": 45
          },
          "end": {
            "line": 61,
            "column": 46
          }
        },
        "loc": {
          "start": {
            "line": 69,
            "column": 6
          },
          "end": {
            "line": 82,
            "column": 2
          }
        }
      }
    },
    "branchMap": {
      "0": {
        "loc": {
          "start": {
            "line": 1,
            "column": 25
          },
          "end": {
            "line": 1,
            "column": null
          }
        },
        "type": "binary-expr",
        "locations": [
          {
            "start": {
              "line": 1,
              "column": 25
            },
            "end": {
              "line": 1,
              "column": null
            }
          },
          {
            "start": {
              "line": 1,
              "column": 25
            },
            "end": {
              "line": 1,
              "column": null
            }
          }
        ]
      },
      "1": {
        "loc": {
          "start": {
            "line": 1,
            "column": 25
          },
          "end": {
            "line": 1,
            "column": null
          }
        },
        "type": "if",
        "locations": [
          {
            "start": {
              "line": 1,
              "column": 25
            },
            "end": {
              "line": 1,
              "column": null
            }
          }
        ]
      },
      "2": {
        "loc": {
          "start": {
            "line": 63,
            "column": 2
          },
          "end": {
            "line": 63,
            "column": null
          }
        },
        "type": "default-arg",
        "locations": [
          {
            "start": {
              "line": 63,
              "column": 13
            },
            "end": {
              "line": 63,
              "column": null
            }
          }
        ]
      },
      "3": {
        "loc": {
          "start": {
            "line": 64,
            "column": 2
          },
          "end": {
            "line": 64,
            "column": null
          }
        },
        "type": "default-arg",
        "locations": [
          {
            "start": {
              "line": 64,
              "column": 9
            },
            "end": {
              "line": 64,
              "column": null
            }
          }
        ]
      },
      "4": {
        "loc": {
          "start": {
            "line": 65,
            "column": 2
          },
          "end": {
            "line": 65,
            "column": null
          }
        },
        "type": "default-arg",
        "locations": [
          {
            "start": {
              "line": 65,
              "column": 9
            },
            "end": {
              "line": 65,
              "column": null
            }
          }
        ]
      },
      "5": {
        "loc": {
          "start": {
            "line": 66,
            "column": 2
          },
          "end": {
            "line": 66,
            "column": null
          }
        },
        "type": "default-arg",
        "locations": [
          {
            "start": {
              "line": 66,
              "column": 9
            },
            "end": {
              "line": 66,
              "column": null
            }
          }
        ]
      },
      "6": {
        "loc": {
          "start": {
            "line": 67,
            "column": 2
          },
          "end": {
            "line": 67,
            "column": null
          }
        },
        "type": "default-arg",
        "locations": [
          {
            "start": {
              "line": 67,
              "column": 10
            },
            "end": {
              "line": 67,
              "column": null
            }
          }
        ]
      }
    },
    "s": {
      "0": 54,
      "1": 6,
      "2": 48,
      "3": 48,
      "4": 48,
      "5": 48,
      "6": 48,
      "7": 48,
      "8": 48,
      "9": 48,
      "10": 48,
      "11": 48,
      "12": 48,
      "13": 6,
      "14": 6,
      "15": 48,
      "16": 6,
      "17": 12
    },
    "f": {
      "0": 12,
      "1": 48,
      "2": 48,
      "3": 48,
      "4": 48,
      "5": 48,
      "6": 48,
      "7": 48,
      "8": 48,
      "9": 48,
      "10": 48,
      "11": 48,
      "12": 48
    },
    "b": {
      "0": [
        12,
        6
      ],
      "1": [
        6
      ],
      "2": [
        36
      ],
      "3": [
        6
      ],
      "4": [
        33
      ],
      "5": [
        48
      ],
      "6": [
        48
      ]
    }
  },
  "/Users/matt.huntsberry/Desktop/ghostkit/packages/components/src/docs/components/SizeBlock.tsx": {
    "path": "/Users/matt.huntsberry/Desktop/ghostkit/packages/components/src/docs/components/SizeBlock.tsx",
    "statementMap": {
      "0": {
        "start": {
          "line": 1,
          "column": 25
        },
        "end": {
          "line": 1,
          "column": null
        }
      },
      "1": {
        "start": {
          "line": 10,
          "column": 44
        },
        "end": {
          "line": 14,
          "column": 2
        }
      },
      "2": {
        "start": {
          "line": 11,
          "column": 2
        },
        "end": {
          "line": 12,
          "column": null
        }
      },
      "3": {
        "start": {
          "line": 14,
          "column": 2
        },
        "end": {
          "line": 10,
          "column": 44
        }
      },
      "4": {
        "start": {
          "line": 16,
          "column": 25
        },
        "end": {
          "line": 16,
          "column": null
        }
      }
    },
    "fnMap": {
      "0": {
        "name": "(anonymous_0)",
        "decl": {
          "start": {
            "line": 1,
            "column": 25
          },
          "end": {
            "line": 1,
            "column": null
          }
        },
        "loc": {
          "start": {
            "line": 1,
            "column": 25
          },
          "end": {
            "line": 1,
            "column": null
          }
        }
      },
      "1": {
        "name": "(anonymous_1)",
        "decl": {
          "start": {
            "line": 10,
            "column": 44
          },
          "end": {
            "line": 10,
            "column": 45
          }
        },
        "loc": {
          "start": {
            "line": 10,
            "column": 76
          },
          "end": {
            "line": 14,
            "column": 2
          }
        }
      }
    },
    "branchMap": {
      "0": {
        "loc": {
          "start": {
            "line": 1,
            "column": 25
          },
          "end": {
            "line": 1,
            "column": null
          }
        },
        "type": "binary-expr",
        "locations": [
          {
            "start": {
              "line": 1,
              "column": 25
            },
            "end": {
              "line": 1,
              "column": null
            }
          },
          {
            "start": {
              "line": 1,
              "column": 25
            },
            "end": {
              "line": 1,
              "column": null
            }
          }
        ]
      },
      "1": {
        "loc": {
          "start": {
            "line": 1,
            "column": 25
          },
          "end": {
            "line": 1,
            "column": null
          }
        },
        "type": "if",
        "locations": [
          {
            "start": {
              "line": 1,
              "column": 25
            },
            "end": {
              "line": 1,
              "column": null
            }
          }
        ]
      }
    },
    "s": {
      "0": 8,
      "1": 1,
      "2": 6,
      "3": 1,
      "4": 1
    },
    "f": {
      "0": 1,
      "1": 6
    },
    "b": {
      "0": [
        2,
        1
      ],
      "1": [
        1
      ]
    }
  },
  "/Users/matt.huntsberry/Desktop/ghostkit/packages/components/src/docs/components/SizeBlocks.tsx": {
    "path": "/Users/matt.huntsberry/Desktop/ghostkit/packages/components/src/docs/components/SizeBlocks.tsx",
    "statementMap": {
      "0": {
        "start": {
          "line": 1,
          "column": 25
        },
        "end": {
          "line": 1,
          "column": null
        }
      },
      "1": {
        "start": {
          "line": 8,
          "column": 46
        },
        "end": {
          "line": 43,
          "column": 2
        }
      },
      "2": {
        "start": {
          "line": 9,
          "column": 2
        },
        "end": {
          "line": 41,
          "column": null
        }
      },
      "3": {
        "start": {
          "line": 43,
          "column": 2
        },
        "end": {
          "line": 8,
          "column": 46
        }
      },
      "4": {
        "start": {
          "line": 45,
          "column": 26
        },
        "end": {
          "line": 45,
          "column": null
        }
      }
    },
    "fnMap": {
      "0": {
        "name": "(anonymous_0)",
        "decl": {
          "start": {
            "line": 1,
            "column": 25
          },
          "end": {
            "line": 1,
            "column": null
          }
        },
        "loc": {
          "start": {
            "line": 1,
            "column": 25
          },
          "end": {
            "line": 1,
            "column": null
          }
        }
      },
      "1": {
        "name": "(anonymous_1)",
        "decl": {
          "start": {
            "line": 8,
            "column": 46
          },
          "end": {
            "line": 8,
            "column": 47
          }
        },
        "loc": {
          "start": {
            "line": 8,
            "column": 64
          },
          "end": {
            "line": 43,
            "column": 2
          }
        }
      }
    },
    "branchMap": {
      "0": {
        "loc": {
          "start": {
            "line": 1,
            "column": 25
          },
          "end": {
            "line": 1,
            "column": null
          }
        },
        "type": "binary-expr",
        "locations": [
          {
            "start": {
              "line": 1,
              "column": 25
            },
            "end": {
              "line": 1,
              "column": null
            }
          },
          {
            "start": {
              "line": 1,
              "column": 25
            },
            "end": {
              "line": 1,
              "column": null
            }
          }
        ]
      },
      "1": {
        "loc": {
          "start": {
            "line": 1,
            "column": 25
          },
          "end": {
            "line": 1,
            "column": null
          }
        },
        "type": "if",
        "locations": [
          {
            "start": {
              "line": 1,
              "column": 25
            },
            "end": {
              "line": 1,
              "column": null
            }
          }
        ]
      },
      "2": {
        "loc": {
          "start": {
            "line": 8,
            "column": 49
          },
          "end": {
            "line": 8,
            "column": 58
          }
        },
        "type": "default-arg",
        "locations": [
          {
            "start": {
              "line": 8,
              "column": 56
            },
            "end": {
              "line": 8,
              "column": 58
            }
          }
        ]
      }
    },
    "s": {
      "0": 8,
      "1": 1,
      "2": 1,
      "3": 1,
      "4": 1
    },
    "f": {
      "0": 1,
      "1": 1
    },
    "b": {
      "0": [
        2,
        1
      ],
      "1": [
        1
      ],
      "2": [
        1
      ]
    }
  }
}